<?xml version="1.0" encoding="UTF-8" ?>
<testsuite tests="3" failures="0" name="TeamCallableTest" time="0.638" errors="0" skipped="0">
  <properties>
[...]
</properties>
  <testcase classname="TeamCallableTest" name="testScrapePlayerStatsThrowsExceptionOnInvalidURL" time="0.584"/>
  <testcase classname="TeamCallableTest" name="testScrapeTeamThrowsWebScraperException" time="0.006"/>
  <testcase classname="TeamCallableTest" name="testScrapePlayerDataThrowsExceptionOnInvalidURL" time="0.048"/>
</testsuite>